[
  {
    "line": 1,
    "elements": [
      {
        "start_timestamp": "2021-08-19T07:10:31.148Z",
        "before": [
          {
            "result": {
              "duration": 3997300,
              "status": "passed"
            },
            "match": {
              "location": "stepdefinition.DeleteUserFrmAdmn.setup()"
            }
          }
        ],
        "line": 8,
        "name": "verify title of new SCD login page",
        "description": "",
        "id": "newscd-functional-test;verify-title-of-new-scd-login-page",
        "after": [
          {
            "result": {
              "duration": 1988200,
              "status": "passed"
            },
            "match": {
              "location": "stepdefinition.DeleteUserFrmAdmn.tearDown(io.cucumber.java.Scenario)"
            }
          }
        ],
        "type": "scenario",
        "keyword": "Scenario",
        "steps": [
          {
            "result": {
              "duration": 6530681400,
              "status": "passed"
            },
            "line": 10,
            "name": "launch new SCD url",
            "match": {
              "location": "stepdefinition.LoginPage.launch_new_SCD_url()"
            },
            "keyword": "Given "
          },
          {
            "result": {
              "duration": 2056221400,
              "status": "passed"
            },
            "line": 11,
            "name": "check title of login page",
            "match": {
              "location": "stepdefinition.LoginPage.check_title_of_login_page()"
            },
            "keyword": "When "
          },
          {
            "result": {
              "duration": 3012293300,
              "status": "passed"
            },
            "line": 12,
            "name": "verify actual title with expected title of New SCD login page",
            "match": {
              "location": "stepdefinition.LoginPage.verify_actual_title_with_expected_title_of_New_SCD_login_page()"
            },
            "keyword": "Then "
          }
        ],
        "tags": [
          {
            "name": "@Smoketest1"
          }
        ]
      },
      {
        "start_timestamp": "2021-08-19T07:10:42.893Z",
        "before": [
          {
            "result": {
              "duration": 2000300,
              "status": "passed"
            },
            "match": {
              "location": "stepdefinition.DeleteUserFrmAdmn.setup()"
            }
          }
        ],
        "line": 46,
        "name": "After saving new password for newly created user relogin with new credentials",
        "description": "",
        "id": "newscd-functional-test;after-saving-new-password-for-newly-created-user-relogin-with-new-credentials",
        "after": [
          {
            "result": {
              "duration": 995200,
              "status": "passed"
            },
            "match": {
              "location": "stepdefinition.DeleteUserFrmAdmn.tearDown(io.cucumber.java.Scenario)"
            }
          }
        ],
        "type": "scenario",
        "keyword": "Scenario",
        "steps": [
          {
            "result": {
              "duration": 9208885300,
              "status": "passed"
            },
            "line": 48,
            "name": "relogin with new credentials of newly created user",
            "match": {
              "location": "stepdefinition.NewlyCreatedUserLog.relogin_with_new_credentials_of_newly_created_user()"
            },
            "keyword": "Given "
          },
          {
            "result": {
              "duration": 1000800,
              "status": "passed"
            },
            "line": 49,
            "name": "click on sign in button",
            "match": {
              "location": "stepdefinition.NewlyCreatedUserLog.click_on_sign_in_button()"
            },
            "keyword": "When "
          },
          {
            "result": {
              "status": "passed"
            },
            "line": 50,
            "name": "user is on New SCD homepage",
            "match": {
              "location": "stepdefinition.NewlyCreatedUserLog.user_is_on_new_scd_homepage()"
            },
            "keyword": "Then "
          }
        ],
        "tags": [
          {
            "name": "@Smoketest5"
          }
        ]
      },
      {
        "start_timestamp": "2021-08-19T07:10:52.135Z",
        "before": [
          {
            "result": {
              "status": "passed"
            },
            "match": {
              "location": "stepdefinition.DeleteUserFrmAdmn.setup()"
            }
          }
        ],
        "line": 74,
        "name": "Assign Binder to Team Lead",
        "description": "",
        "id": "newscd-functional-test;assign-binder-to-team-lead",
        "after": [
          {
            "result": {
              "error_message": "org.openqa.selenium.NoSuchWindowException: no such window: target window already closed\nfrom unknown error: web view not found\n  (Session info: chrome\u003d92.0.4515.131)\nBuild info: version: \u00273.141.59\u0027, revision: \u0027e82be7d358\u0027, time: \u00272018-11-14T08:25:48\u0027\nSystem info: host: \u0027WIN10-SPBA33\u0027, ip: \u002710.2.10.168\u0027, os.name: \u0027Windows 10\u0027, os.arch: \u0027amd64\u0027, os.version: \u002710.0\u0027, java.version: \u002715.0.1\u0027\nDriver info: org.openqa.selenium.chrome.ChromeDriver\nCapabilities {acceptInsecureCerts: false, browserName: chrome, browserVersion: 92.0.4515.131, chrome: {chromedriverVersion: 92.0.4515.43 (8c61b7e2989f2..., userDataDir: C:\\Users\\DEEPAK~1.BAD\\AppDa...}, goog:chromeOptions: {debuggerAddress: localhost:8307}, javascriptEnabled: true, networkConnectionEnabled: false, pageLoadStrategy: normal, platform: WINDOWS, platformName: WINDOWS, proxy: Proxy(), setWindowRect: true, strictFileInteractability: false, timeouts: {implicit: 0, pageLoad: 300000, script: 30000}, unhandledPromptBehavior: dismiss and notify, webauthn:extension:credBlob: true, webauthn:extension:largeBlob: true, webauthn:virtualAuthenticators: true}\nSession ID: 8bf12774ce1f910336c4876f96af9a1b\r\n\tat java.base/jdk.internal.reflect.NativeConstructorAccessorImpl.newInstance0(Native Method)\r\n\tat java.base/jdk.internal.reflect.NativeConstructorAccessorImpl.newInstance(NativeConstructorAccessorImpl.java:64)\r\n\tat java.base/jdk.internal.reflect.DelegatingConstructorAccessorImpl.newInstance(DelegatingConstructorAccessorImpl.java:45)\r\n\tat java.base/java.lang.reflect.Constructor.newInstanceWithCaller(Constructor.java:500)\r\n\tat java.base/java.lang.reflect.Constructor.newInstance(Constructor.java:481)\r\n\tat org.openqa.selenium.remote.http.W3CHttpResponseCodec.createException(W3CHttpResponseCodec.java:187)\r\n\tat org.openqa.selenium.remote.http.W3CHttpResponseCodec.decode(W3CHttpResponseCodec.java:122)\r\n\tat org.openqa.selenium.remote.http.W3CHttpResponseCodec.decode(W3CHttpResponseCodec.java:49)\r\n\tat org.openqa.selenium.remote.HttpCommandExecutor.execute(HttpCommandExecutor.java:158)\r\n\tat org.openqa.selenium.remote.service.DriverCommandExecutor.execute(DriverCommandExecutor.java:83)\r\n\tat org.openqa.selenium.remote.RemoteWebDriver.execute(RemoteWebDriver.java:552)\r\n\tat org.openqa.selenium.remote.RemoteWebDriver.execute(RemoteWebDriver.java:609)\r\n\tat org.openqa.selenium.remote.RemoteWebDriver.getScreenshotAs(RemoteWebDriver.java:295)\r\n\tat stepdefinition.DeleteUserFrmAdmn.tearDown(DeleteUserFrmAdmn.java:31)\r\n",
              "duration": 12007300,
              "status": "failed"
            },
            "match": {
              "location": "stepdefinition.DeleteUserFrmAdmn.tearDown(io.cucumber.java.Scenario)"
            }
          }
        ],
        "type": "scenario",
        "keyword": "Scenario",
        "steps": [
          {
            "result": {
              "status": "passed"
            },
            "line": 76,
            "name": "login New SCD with Verification Manager",
            "match": {
              "location": "stepdefinition.AssignBinderToTeamLead.login_New_SCD_with_Verification_Manager()"
            },
            "keyword": "Given "
          },
          {
            "result": {
              "status": "passed"
            },
            "line": 77,
            "name": "click on NewSCD Activity button",
            "match": {
              "location": "stepdefinition.AssignBinderToTeamLead.click_on_NewSCD_Activity_button()"
            },
            "keyword": "And "
          },
          {
            "result": {
              "status": "passed"
            },
            "line": 78,
            "name": "Search for Manager Assignment queue link and click on it",
            "match": {
              "location": "stepdefinition.AssignBinderToTeamLead.Search_for_Manager_Assignment_queue_link_and_click_on_it()"
            },
            "keyword": "When "
          },
          {
            "result": {
              "status": "passed"
            },
            "line": 79,
            "name": "Click on Add Team Leads link",
            "match": {
              "location": "stepdefinition.AssignBinderToTeamLead.Click_on_Add_Team_Leads_link()"
            },
            "keyword": "And "
          },
          {
            "result": {
              "status": "passed"
            },
            "line": 80,
            "name": "Add Team Lead into Team Lead List pane",
            "match": {
              "location": "stepdefinition.AssignBinderToTeamLead.Add_Team_Lead_into_Team_Lead_List_pane()"
            },
            "keyword": "And "
          },
          {
            "result": {
              "status": "passed"
            },
            "line": 81,
            "name": "Select an UnAssigned Binder and select Team Lead",
            "match": {
              "location": "stepdefinition.AssignBinderToTeamLead.Select_an_UnAssigned_Binder_and_select_Team_Lead()"
            },
            "keyword": "And "
          },
          {
            "result": {
              "error_message": "org.openqa.selenium.NoSuchElementException: Cannot locate an element using xpath\u003d//button[@id\u003d\u0027btnAdministrative\u0027]\nFor documentation on this error, please visit: https://www.seleniumhq.org/exceptions/no_such_element.html\nBuild info: version: \u00273.141.59\u0027, revision: \u0027e82be7d358\u0027, time: \u00272018-11-14T08:25:48\u0027\nSystem info: host: \u0027WIN10-SPBA33\u0027, ip: \u002710.2.10.168\u0027, os.name: \u0027Windows 10\u0027, os.arch: \u0027amd64\u0027, os.version: \u002710.0\u0027, java.version: \u002715.0.1\u0027\nDriver info: driver.version: RemoteWebDriver\r\n\tat org.openqa.selenium.remote.RemoteWebDriver.findElement(RemoteWebDriver.java:327)\r\n\tat org.openqa.selenium.remote.RemoteWebDriver.findElementByXPath(RemoteWebDriver.java:428)\r\n\tat org.openqa.selenium.By$ByXPath.findElement(By.java:353)\r\n\tat org.openqa.selenium.remote.RemoteWebDriver.findElement(RemoteWebDriver.java:315)\r\n\tat org.openqa.selenium.support.pagefactory.DefaultElementLocator.findElement(DefaultElementLocator.java:69)\r\n\tat org.openqa.selenium.support.pagefactory.internal.LocatingElementHandler.invoke(LocatingElementHandler.java:38)\r\n\tat com.sun.proxy.$Proxy20.click(Unknown Source)\r\n\tat pageClass.MngrBinderAssignToTL.CheckDeleteUsrFun(MngrBinderAssignToTL.java:196)\r\n\tat pageClass.MngrBinderAssignToTL.BndrAssignmentToTL(MngrBinderAssignToTL.java:111)\r\n\tat stepdefinition.AssignBinderToTeamLead.click_on_Assign_button(AssignBinderToTeamLead.java:53)\r\n\tat ✽.click on Assign button(classpath:feature/NewSCDLoginFeature.feature:82)\r\n",
              "duration": 6675642300,
              "status": "failed"
            },
            "line": 82,
            "name": "click on Assign button",
            "match": {
              "location": "stepdefinition.AssignBinderToTeamLead.click_on_Assign_button()"
            },
            "keyword": "Then "
          }
        ],
        "tags": [
          {
            "name": "@Smoketest8"
          }
        ]
      },
      {
        "start_timestamp": "2021-08-19T07:10:58.871Z",
        "before": [
          {
            "result": {
              "duration": 2000700,
              "status": "passed"
            },
            "match": {
              "location": "stepdefinition.DeleteUserFrmAdmn.setup()"
            }
          }
        ],
        "line": 86,
        "name": "Assign Binder to Verification",
        "description": "",
        "id": "newscd-functional-test;assign-binder-to-verification",
        "after": [
          {
            "result": {
              "error_message": "org.openqa.selenium.NoSuchWindowException: no such window: target window already closed\nfrom unknown error: web view not found\n  (Session info: chrome\u003d92.0.4515.131)\nBuild info: version: \u00273.141.59\u0027, revision: \u0027e82be7d358\u0027, time: \u00272018-11-14T08:25:48\u0027\nSystem info: host: \u0027WIN10-SPBA33\u0027, ip: \u002710.2.10.168\u0027, os.name: \u0027Windows 10\u0027, os.arch: \u0027amd64\u0027, os.version: \u002710.0\u0027, java.version: \u002715.0.1\u0027\nDriver info: org.openqa.selenium.chrome.ChromeDriver\nCapabilities {acceptInsecureCerts: false, browserName: chrome, browserVersion: 92.0.4515.131, chrome: {chromedriverVersion: 92.0.4515.43 (8c61b7e2989f2..., userDataDir: C:\\Users\\DEEPAK~1.BAD\\AppDa...}, goog:chromeOptions: {debuggerAddress: localhost:8307}, javascriptEnabled: true, networkConnectionEnabled: false, pageLoadStrategy: normal, platform: WINDOWS, platformName: WINDOWS, proxy: Proxy(), setWindowRect: true, strictFileInteractability: false, timeouts: {implicit: 0, pageLoad: 300000, script: 30000}, unhandledPromptBehavior: dismiss and notify, webauthn:extension:credBlob: true, webauthn:extension:largeBlob: true, webauthn:virtualAuthenticators: true}\nSession ID: 8bf12774ce1f910336c4876f96af9a1b\r\n\tat java.base/jdk.internal.reflect.NativeConstructorAccessorImpl.newInstance0(Native Method)\r\n\tat java.base/jdk.internal.reflect.NativeConstructorAccessorImpl.newInstance(NativeConstructorAccessorImpl.java:64)\r\n\tat java.base/jdk.internal.reflect.DelegatingConstructorAccessorImpl.newInstance(DelegatingConstructorAccessorImpl.java:45)\r\n\tat java.base/java.lang.reflect.Constructor.newInstanceWithCaller(Constructor.java:500)\r\n\tat java.base/java.lang.reflect.Constructor.newInstance(Constructor.java:481)\r\n\tat org.openqa.selenium.remote.http.W3CHttpResponseCodec.createException(W3CHttpResponseCodec.java:187)\r\n\tat org.openqa.selenium.remote.http.W3CHttpResponseCodec.decode(W3CHttpResponseCodec.java:122)\r\n\tat org.openqa.selenium.remote.http.W3CHttpResponseCodec.decode(W3CHttpResponseCodec.java:49)\r\n\tat org.openqa.selenium.remote.HttpCommandExecutor.execute(HttpCommandExecutor.java:158)\r\n\tat org.openqa.selenium.remote.service.DriverCommandExecutor.execute(DriverCommandExecutor.java:83)\r\n\tat org.openqa.selenium.remote.RemoteWebDriver.execute(RemoteWebDriver.java:552)\r\n\tat org.openqa.selenium.remote.RemoteWebDriver.execute(RemoteWebDriver.java:609)\r\n\tat org.openqa.selenium.remote.RemoteWebDriver.getScreenshotAs(RemoteWebDriver.java:295)\r\n\tat stepdefinition.DeleteUserFrmAdmn.tearDown(DeleteUserFrmAdmn.java:31)\r\n",
              "duration": 3006300,
              "status": "failed"
            },
            "match": {
              "location": "stepdefinition.DeleteUserFrmAdmn.tearDown(io.cucumber.java.Scenario)"
            }
          }
        ],
        "type": "scenario",
        "keyword": "Scenario",
        "steps": [
          {
            "result": {
              "status": "passed"
            },
            "line": 88,
            "name": "login New SCD with Verification Team Lead",
            "match": {
              "location": "stepdefinition.AssignBinderToVerifier.login_New_SCD_with_Verification_Team_Lead()"
            },
            "keyword": "Given "
          },
          {
            "result": {
              "status": "passed"
            },
            "line": 89,
            "name": "click on Activity button",
            "match": {
              "location": "stepdefinition.AssignBinderToVerifier.click_on_Activity_button()"
            },
            "keyword": "And "
          },
          {
            "result": {
              "duration": 998500,
              "status": "passed"
            },
            "line": 90,
            "name": "Search for Team Lead Assignment queue link and click on it",
            "match": {
              "location": "stepdefinition.AssignBinderToVerifier.Search_for_Team_Lead_Assignment_queue_link_and_click_on_it()"
            },
            "keyword": "When "
          },
          {
            "result": {
              "duration": 999300,
              "status": "passed"
            },
            "line": 91,
            "name": "Click on Add Verifiers link",
            "match": {
              "location": "stepdefinition.AssignBinderToVerifier.Click_on_Add_Verifiers_link()"
            },
            "keyword": "And "
          },
          {
            "result": {
              "status": "passed"
            },
            "line": 92,
            "name": "Add Verifier into Verifier List pane",
            "match": {
              "location": "stepdefinition.AssignBinderToVerifier.Add_Verifier_into_Verifier_List_pane()"
            },
            "keyword": "And "
          },
          {
            "result": {
              "duration": 1010100,
              "status": "passed"
            },
            "line": 93,
            "name": "Select an UnAssigned Binder and select Verifier",
            "match": {
              "location": "stepdefinition.AssignBinderToVerifier.Select_an_UnAssigned_Binder_and_select_Verifier()"
            },
            "keyword": "And "
          },
          {
            "result": {
              "error_message": "org.openqa.selenium.NoSuchWindowException: no such window: target window already closed\nfrom unknown error: web view not found\n  (Session info: chrome\u003d92.0.4515.131)\nBuild info: version: \u00273.141.59\u0027, revision: \u0027e82be7d358\u0027, time: \u00272018-11-14T08:25:48\u0027\nSystem info: host: \u0027WIN10-SPBA33\u0027, ip: \u002710.2.10.168\u0027, os.name: \u0027Windows 10\u0027, os.arch: \u0027amd64\u0027, os.version: \u002710.0\u0027, java.version: \u002715.0.1\u0027\nDriver info: org.openqa.selenium.chrome.ChromeDriver\nCapabilities {acceptInsecureCerts: false, browserName: chrome, browserVersion: 92.0.4515.131, chrome: {chromedriverVersion: 92.0.4515.43 (8c61b7e2989f2..., userDataDir: C:\\Users\\DEEPAK~1.BAD\\AppDa...}, goog:chromeOptions: {debuggerAddress: localhost:8307}, javascriptEnabled: true, networkConnectionEnabled: false, pageLoadStrategy: normal, platform: WINDOWS, platformName: WINDOWS, proxy: Proxy(), setWindowRect: true, strictFileInteractability: false, timeouts: {implicit: 0, pageLoad: 300000, script: 30000}, unhandledPromptBehavior: dismiss and notify, webauthn:extension:credBlob: true, webauthn:extension:largeBlob: true, webauthn:virtualAuthenticators: true}\nSession ID: 8bf12774ce1f910336c4876f96af9a1b\n*** Element info: {Using\u003dxpath, value\u003d//button[@id\u003d\u0027btnActivity\u0027]}\r\n\tat java.base/jdk.internal.reflect.NativeConstructorAccessorImpl.newInstance0(Native Method)\r\n\tat java.base/jdk.internal.reflect.NativeConstructorAccessorImpl.newInstance(NativeConstructorAccessorImpl.java:64)\r\n\tat java.base/jdk.internal.reflect.DelegatingConstructorAccessorImpl.newInstance(DelegatingConstructorAccessorImpl.java:45)\r\n\tat java.base/java.lang.reflect.Constructor.newInstanceWithCaller(Constructor.java:500)\r\n\tat java.base/java.lang.reflect.Constructor.newInstance(Constructor.java:481)\r\n\tat org.openqa.selenium.remote.http.W3CHttpResponseCodec.createException(W3CHttpResponseCodec.java:187)\r\n\tat org.openqa.selenium.remote.http.W3CHttpResponseCodec.decode(W3CHttpResponseCodec.java:122)\r\n\tat org.openqa.selenium.remote.http.W3CHttpResponseCodec.decode(W3CHttpResponseCodec.java:49)\r\n\tat org.openqa.selenium.remote.HttpCommandExecutor.execute(HttpCommandExecutor.java:158)\r\n\tat org.openqa.selenium.remote.service.DriverCommandExecutor.execute(DriverCommandExecutor.java:83)\r\n\tat org.openqa.selenium.remote.RemoteWebDriver.execute(RemoteWebDriver.java:552)\r\n\tat org.openqa.selenium.remote.RemoteWebDriver.findElement(RemoteWebDriver.java:323)\r\n\tat org.openqa.selenium.remote.RemoteWebDriver.findElementByXPath(RemoteWebDriver.java:428)\r\n\tat org.openqa.selenium.By$ByXPath.findElement(By.java:353)\r\n\tat org.openqa.selenium.remote.RemoteWebDriver.findElement(RemoteWebDriver.java:315)\r\n\tat org.openqa.selenium.support.pagefactory.DefaultElementLocator.findElement(DefaultElementLocator.java:69)\r\n\tat org.openqa.selenium.support.pagefactory.internal.LocatingElementHandler.invoke(LocatingElementHandler.java:38)\r\n\tat com.sun.proxy.$Proxy20.click(Unknown Source)\r\n\tat pageClass.TLBinderAssignToVerifier.BndrAssignmentToTL(TLBinderAssignToVerifier.java:105)\r\n\tat stepdefinition.AssignBinderToVerifier.click_on_Binder_Assignment_button(AssignBinderToVerifier.java:54)\r\n\tat ✽.click on Binder Assignment button(classpath:feature/NewSCDLoginFeature.feature:94)\r\n",
              "duration": 10023016500,
              "status": "failed"
            },
            "line": 94,
            "name": "click on Binder Assignment button",
            "match": {
              "location": "stepdefinition.AssignBinderToVerifier.click_on_Binder_Assignment_button()"
            },
            "keyword": "Then "
          }
        ],
        "tags": [
          {
            "name": "@Smoketest9"
          }
        ]
      },
      {
        "start_timestamp": "2021-08-19T07:11:08.940Z",
        "before": [
          {
            "result": {
              "duration": 1002300,
              "status": "passed"
            },
            "match": {
              "location": "stepdefinition.DeleteUserFrmAdmn.setup()"
            }
          }
        ],
        "line": 97,
        "name": "Assign Binder to Verification",
        "description": "",
        "id": "newscd-functional-test;assign-binder-to-verification",
        "after": [
          {
            "result": {
              "error_message": "org.openqa.selenium.NoSuchWindowException: no such window: target window already closed\nfrom unknown error: web view not found\n  (Session info: chrome\u003d92.0.4515.131)\nBuild info: version: \u00273.141.59\u0027, revision: \u0027e82be7d358\u0027, time: \u00272018-11-14T08:25:48\u0027\nSystem info: host: \u0027WIN10-SPBA33\u0027, ip: \u002710.2.10.168\u0027, os.name: \u0027Windows 10\u0027, os.arch: \u0027amd64\u0027, os.version: \u002710.0\u0027, java.version: \u002715.0.1\u0027\nDriver info: org.openqa.selenium.chrome.ChromeDriver\nCapabilities {acceptInsecureCerts: false, browserName: chrome, browserVersion: 92.0.4515.131, chrome: {chromedriverVersion: 92.0.4515.43 (8c61b7e2989f2..., userDataDir: C:\\Users\\DEEPAK~1.BAD\\AppDa...}, goog:chromeOptions: {debuggerAddress: localhost:8307}, javascriptEnabled: true, networkConnectionEnabled: false, pageLoadStrategy: normal, platform: WINDOWS, platformName: WINDOWS, proxy: Proxy(), setWindowRect: true, strictFileInteractability: false, timeouts: {implicit: 0, pageLoad: 300000, script: 30000}, unhandledPromptBehavior: dismiss and notify, webauthn:extension:credBlob: true, webauthn:extension:largeBlob: true, webauthn:virtualAuthenticators: true}\nSession ID: 8bf12774ce1f910336c4876f96af9a1b\r\n\tat java.base/jdk.internal.reflect.NativeConstructorAccessorImpl.newInstance0(Native Method)\r\n\tat java.base/jdk.internal.reflect.NativeConstructorAccessorImpl.newInstance(NativeConstructorAccessorImpl.java:64)\r\n\tat java.base/jdk.internal.reflect.DelegatingConstructorAccessorImpl.newInstance(DelegatingConstructorAccessorImpl.java:45)\r\n\tat java.base/java.lang.reflect.Constructor.newInstanceWithCaller(Constructor.java:500)\r\n\tat java.base/java.lang.reflect.Constructor.newInstance(Constructor.java:481)\r\n\tat org.openqa.selenium.remote.http.W3CHttpResponseCodec.createException(W3CHttpResponseCodec.java:187)\r\n\tat org.openqa.selenium.remote.http.W3CHttpResponseCodec.decode(W3CHttpResponseCodec.java:122)\r\n\tat org.openqa.selenium.remote.http.W3CHttpResponseCodec.decode(W3CHttpResponseCodec.java:49)\r\n\tat org.openqa.selenium.remote.HttpCommandExecutor.execute(HttpCommandExecutor.java:158)\r\n\tat org.openqa.selenium.remote.service.DriverCommandExecutor.execute(DriverCommandExecutor.java:83)\r\n\tat org.openqa.selenium.remote.RemoteWebDriver.execute(RemoteWebDriver.java:552)\r\n\tat org.openqa.selenium.remote.RemoteWebDriver.execute(RemoteWebDriver.java:609)\r\n\tat org.openqa.selenium.remote.RemoteWebDriver.getScreenshotAs(RemoteWebDriver.java:295)\r\n\tat stepdefinition.DeleteUserFrmAdmn.tearDown(DeleteUserFrmAdmn.java:31)\r\n",
              "duration": 3994900,
              "status": "failed"
            },
            "match": {
              "location": "stepdefinition.DeleteUserFrmAdmn.tearDown(io.cucumber.java.Scenario)"
            }
          }
        ],
        "type": "scenario",
        "keyword": "Scenario",
        "steps": [
          {
            "result": {
              "duration": 3014323200,
              "status": "passed"
            },
            "line": 99,
            "name": "login New SCD with Verifier",
            "match": {
              "location": "stepdefinition.OpenBinderWithVerifierLogin.login_New_SCD_with_Verifier()"
            },
            "keyword": "Given "
          },
          {
            "result": {
              "error_message": "org.openqa.selenium.NoSuchWindowException: no such window: target window already closed\nfrom unknown error: web view not found\n  (Session info: chrome\u003d92.0.4515.131)\nBuild info: version: \u00273.141.59\u0027, revision: \u0027e82be7d358\u0027, time: \u00272018-11-14T08:25:48\u0027\nSystem info: host: \u0027WIN10-SPBA33\u0027, ip: \u002710.2.10.168\u0027, os.name: \u0027Windows 10\u0027, os.arch: \u0027amd64\u0027, os.version: \u002710.0\u0027, java.version: \u002715.0.1\u0027\nDriver info: org.openqa.selenium.chrome.ChromeDriver\nCapabilities {acceptInsecureCerts: false, browserName: chrome, browserVersion: 92.0.4515.131, chrome: {chromedriverVersion: 92.0.4515.43 (8c61b7e2989f2..., userDataDir: C:\\Users\\DEEPAK~1.BAD\\AppDa...}, goog:chromeOptions: {debuggerAddress: localhost:8307}, javascriptEnabled: true, networkConnectionEnabled: false, pageLoadStrategy: normal, platform: WINDOWS, platformName: WINDOWS, proxy: Proxy(), setWindowRect: true, strictFileInteractability: false, timeouts: {implicit: 0, pageLoad: 300000, script: 30000}, unhandledPromptBehavior: dismiss and notify, webauthn:extension:credBlob: true, webauthn:extension:largeBlob: true, webauthn:virtualAuthenticators: true}\nSession ID: 8bf12774ce1f910336c4876f96af9a1b\n*** Element info: {Using\u003dxpath, value\u003d//button[@id\u003d\u0027btnActivity\u0027]}\r\n\tat java.base/jdk.internal.reflect.NativeConstructorAccessorImpl.newInstance0(Native Method)\r\n\tat java.base/jdk.internal.reflect.NativeConstructorAccessorImpl.newInstance(NativeConstructorAccessorImpl.java:64)\r\n\tat java.base/jdk.internal.reflect.DelegatingConstructorAccessorImpl.newInstance(DelegatingConstructorAccessorImpl.java:45)\r\n\tat java.base/java.lang.reflect.Constructor.newInstanceWithCaller(Constructor.java:500)\r\n\tat java.base/java.lang.reflect.Constructor.newInstance(Constructor.java:481)\r\n\tat org.openqa.selenium.remote.http.W3CHttpResponseCodec.createException(W3CHttpResponseCodec.java:187)\r\n\tat org.openqa.selenium.remote.http.W3CHttpResponseCodec.decode(W3CHttpResponseCodec.java:122)\r\n\tat org.openqa.selenium.remote.http.W3CHttpResponseCodec.decode(W3CHttpResponseCodec.java:49)\r\n\tat org.openqa.selenium.remote.HttpCommandExecutor.execute(HttpCommandExecutor.java:158)\r\n\tat org.openqa.selenium.remote.service.DriverCommandExecutor.execute(DriverCommandExecutor.java:83)\r\n\tat org.openqa.selenium.remote.RemoteWebDriver.execute(RemoteWebDriver.java:552)\r\n\tat org.openqa.selenium.remote.RemoteWebDriver.findElement(RemoteWebDriver.java:323)\r\n\tat org.openqa.selenium.remote.RemoteWebDriver.findElementByXPath(RemoteWebDriver.java:428)\r\n\tat org.openqa.selenium.By$ByXPath.findElement(By.java:353)\r\n\tat org.openqa.selenium.remote.RemoteWebDriver.findElement(RemoteWebDriver.java:315)\r\n\tat org.openqa.selenium.support.pagefactory.DefaultElementLocator.findElement(DefaultElementLocator.java:69)\r\n\tat org.openqa.selenium.support.pagefactory.internal.LocatingElementHandler.invoke(LocatingElementHandler.java:38)\r\n\tat com.sun.proxy.$Proxy20.click(Unknown Source)\r\n\tat pageClass.VerifierOpenBinder.OpenBinderForVerifierFeature(VerifierOpenBinder.java:72)\r\n\tat stepdefinition.OpenBinderWithVerifierLogin.Search_for_a_Binder(OpenBinderWithVerifierLogin.java:31)\r\n\tat ✽.Search for a Binder(classpath:feature/NewSCDLoginFeature.feature:100)\r\n",
              "duration": 11039063900,
              "status": "failed"
            },
            "line": 100,
            "name": "Search for a Binder",
            "match": {
              "location": "stepdefinition.OpenBinderWithVerifierLogin.Search_for_a_Binder()"
            },
            "keyword": "When "
          },
          {
            "result": {
              "status": "skipped"
            },
            "line": 101,
            "name": "click on Open Binder button",
            "match": {
              "location": "stepdefinition.OpenBinderWithVerifierLogin.click_on_Open_Binder_button()"
            },
            "keyword": "Then "
          }
        ],
        "tags": [
          {
            "name": "@Smoketest10"
          }
        ]
      }
    ],
    "name": "NewSCD functional test",
    "description": "",
    "id": "newscd-functional-test",
    "keyword": "Feature",
    "uri": "classpath:feature/NewSCDLoginFeature.feature",
    "tags": []
  }
]